Added Component: Designator=*(SOIC8N)
Add component. Clean all parameters for all variants
Added Component: Designator=C1(CAP_0805)
Add component. Clean all parameters for all variants
Add component (AddParameter): Name = "Value"; Value = "1uF"; VariantName = "[No Variations]"
Added Component: Designator=C2(CAP_0805)
Add component. Clean all parameters for all variants
Add component (AddParameter): Name = "Value"; Value = "22uF"; VariantName = "[No Variations]"
Added Component: Designator=C3(CAP_0805)
Add component. Clean all parameters for all variants
Add component (AddParameter): Name = "Value"; Value = "220nF"; VariantName = "[No Variations]"
Added Component: Designator=C4(CAP_0805)
Add component. Clean all parameters for all variants
Add component (AddParameter): Name = "Value"; Value = "0.1uF"; VariantName = "[No Variations]"
Added Component: Designator=C5(CAP_0805)
Add component. Clean all parameters for all variants
Add component (AddParameter): Name = "Value"; Value = "10nF"; VariantName = "[No Variations]"
Added Component: Designator=C6(CAP_0805)
Add component. Clean all parameters for all variants
Add component (AddParameter): Name = "Value"; Value = "6.8nF"; VariantName = "[No Variations]"
Added Component: Designator=C7(CAP_0805)
Add component. Clean all parameters for all variants
Add component (AddParameter): Name = "Value"; Value = "220nF"; VariantName = "[No Variations]"
Added Component: Designator=C7(CAP_0805)
Add component. Clean all parameters for all variants
Add component (AddParameter): Name = "Value"; Value = "220nF"; VariantName = "[No Variations]"
Added Component: Designator=D1(DO-214AC)
Add component. Clean all parameters for all variants
Add component (AddParameter): Name = "Value"; Value = "SS24"; VariantName = "[No Variations]"
Added Component: Designator=D?(LED_0603)
Add component. Clean all parameters for all variants
Add component (AddParameter): Name = "Value"; Value = "G"; VariantName = "[No Variations]"
Added Component: Designator=L1(IND_0603)
Add component. Clean all parameters for all variants
Add component (AddParameter): Name = "Manufacturer"; Value = ""; VariantName = "[No Variations]"
Add component (AddParameter): Name = "Specification"; Value = "¡À5% 100mA"; VariantName = "[No Variations]"
Add component (AddParameter): Name = "Value"; Value = "10uH"; VariantName = "[No Variations]"
Added Component: Designator=R1(RES_0402)
Add component. Clean all parameters for all variants
Add component (AddParameter): Name = "Value"; Value = "1K"; VariantName = "[No Variations]"
Added Component: Designator=R2(RES_0402)
Add component. Clean all parameters for all variants
Add component (AddParameter): Name = "Value"; Value = "6.8K"; VariantName = "[No Variations]"
Added Component: Designator=R3(RES_0402)
Add component. Clean all parameters for all variants
Add component (AddParameter): Name = "Value"; Value = "68K"; VariantName = "[No Variations]"
Added Component: Designator=R4(RES_0402)
Add component. Clean all parameters for all variants
Add component (AddParameter): Name = "Value"; Value = "14.7K"; VariantName = "[No Variations]"
Added Component: Designator=R5(RES_0402)
Add component. Clean all parameters for all variants
Add component (AddParameter): Name = "Value"; Value = "100K"; VariantName = "[No Variations]"
Added Pin To Net: NetName=5V Pin=C2-2
Added Pin To Net: NetName=5V Pin=C7-1
Added Pin To Net: NetName=5V Pin=L1-2
Added Pin To Net: NetName=5V Pin=R1-1
Added Pin To Net: NetName=5V Pin=R3-1
Added Net: Name=5V
Added Pin To Net: NetName=GND Pin=*-4
Added Pin To Net: NetName=GND Pin=C1-1
Added Pin To Net: NetName=GND Pin=C2-1
Added Pin To Net: NetName=GND Pin=C3-1
Added Pin To Net: NetName=GND Pin=C4-1
Added Pin To Net: NetName=GND Pin=C7-2
Added Pin To Net: NetName=GND Pin=C7-2
Added Pin To Net: NetName=GND Pin=D1-1
Added Pin To Net: NetName=GND Pin=D?-2
Added Pin To Net: NetName=GND Pin=R2-2
Added Pin To Net: NetName=GND Pin=R4-2
Added Net: Name=GND
Added Pin To Net: NetName=Net*_1 Pin=*-1
Added Pin To Net: NetName=Net*_1 Pin=C5-2
Added Net: Name=Net*_1
Added Pin To Net: NetName=Net*_3 Pin=*-3
Added Pin To Net: NetName=Net*_3 Pin=C5-1
Added Pin To Net: NetName=Net*_3 Pin=D1-2
Added Pin To Net: NetName=Net*_3 Pin=L1-1
Added Net: Name=Net*_3
Added Pin To Net: NetName=Net*_5 Pin=*-5
Added Pin To Net: NetName=Net*_5 Pin=R3-2
Added Pin To Net: NetName=Net*_5 Pin=R4-1
Added Net: Name=Net*_5
Added Pin To Net: NetName=Net*_6 Pin=*-6
Added Pin To Net: NetName=Net*_6 Pin=C6-1
Added Pin To Net: NetName=Net*_6 Pin=C7-1
Added Net: Name=Net*_6
Added Pin To Net: NetName=Net*_7 Pin=*-7
Added Pin To Net: NetName=Net*_7 Pin=R5-2
Added Net: Name=Net*_7
Added Pin To Net: NetName=Net*_8 Pin=*-8
Added Pin To Net: NetName=Net*_8 Pin=C4-2
Added Net: Name=Net*_8
Added Pin To Net: NetName=NetC6_2 Pin=C6-2
Added Pin To Net: NetName=NetC6_2 Pin=R2-1
Added Net: Name=NetC6_2
Added Pin To Net: NetName=NetD?_1 Pin=D?-1
Added Pin To Net: NetName=NetD?_1 Pin=R1-2
Added Net: Name=NetD?_1
Added Pin To Net: NetName=Vin Pin=*-2
Added Pin To Net: NetName=Vin Pin=C1-2
Added Pin To Net: NetName=Vin Pin=C3-2
Added Pin To Net: NetName=Vin Pin=R5-1
Added Net: Name=Vin
Added Class: Name=MP1484_with_5V_Output
Added Room: Name=MP1484_with_5V_Output
